<?xml version="1.0" encoding="UTF-8"?>
<!-- Generated by org.testng.reporters.JUnitReportReporter -->
<testsuite hostname="Rupeshs-MacBook-Air.local" failures="0" tests="1" name="com.systemdesign.platform.automation.tests.SignupFlowTest" time="38.946" errors="0" timestamp="2026-06-16T20:00:05 IST" skipped="0">
  <testcase classname="com.systemdesign.platform.automation.tests.SignupFlowTest" name="setupSignupCreatesAccountThroughAuth0" time="38.946"/>
</testsuite> <!-- com.systemdesign.platform.automation.tests.SignupFlowTest -->
